<?xml version="1.0" encoding="UTF-8"?>
<!-- Generated by org.testng.reporters.JUnitXMLReporter -->
<testsuite hostname="DESKTOP-SSHILTU" ignored="0" name="Default test" tests="3" failures="0" timestamp="2021-11-07T20:52:45 IST" time="6.409" errors="0">
  <testcase name="Delete" time="3.812" classname="api.script.Api_script"/>
  <testcase name="Get" time="1.112" classname="api.script.Api_script"/>
  <testcase name="Post" time="1.438" classname="api.script.Api_script"/>
</testsuite> <!-- Default test -->
