<?xml version="1.0" encoding="UTF-8"?>
<testng-results skipped="0" failed="0" ignored="0" total="3" passed="3">
  <reporter-output>
  </reporter-output>
  <suite name="Default suite" duration-ms="6409" started-at="2021-11-07T20:52:39 IST" finished-at="2021-11-07T20:52:45 IST">
    <groups>
    </groups>
    <test name="Default test" duration-ms="6409" started-at="2021-11-07T20:52:39 IST" finished-at="2021-11-07T20:52:45 IST">
      <class name="api.script.Api_script">
        <test-method status="PASS" signature="Delete()[pri:0, instance:api.script.Api_script@477b4cdf]" name="Delete" duration-ms="3812" started-at="2021-11-07T20:52:39 IST" finished-at="2021-11-07T20:52:42 IST">
          <reporter-output>
          </reporter-output>
        </test-method> <!-- Delete -->
        <test-method status="PASS" signature="Get()[pri:0, instance:api.script.Api_script@477b4cdf]" name="Get" duration-ms="1112" started-at="2021-11-07T20:52:42 IST" finished-at="2021-11-07T20:52:43 IST">
          <reporter-output>
          </reporter-output>
        </test-method> <!-- Get -->
        <test-method status="PASS" signature="Post()[pri:0, instance:api.script.Api_script@477b4cdf]" name="Post" duration-ms="1438" started-at="2021-11-07T20:52:44 IST" finished-at="2021-11-07T20:52:45 IST">
          <reporter-output>
          </reporter-output>
        </test-method> <!-- Post -->
      </class> <!-- api.script.Api_script -->
    </test> <!-- Default test -->
  </suite> <!-- Default suite -->
</testng-results>
